<?xml version="1.0" encoding="UTF-8"?>
<!-- Generated by org.testng.reporters.JUnitXMLReporter -->
<testsuite hostname="Darshan" ignored="0" name="Default test" tests="3" failures="0" timestamp="19 Mar 2021 13:39:54 GMT" time="32.156" errors="0">
  <testcase name="amazonprice" time="20.921" classname="Test.FindBestPrice"/>
  <testcase name="flipkartprice" time="8.279" classname="Test.FindBestPrice"/>
  <testcase name="compareprice" time="0.001" classname="Test.FindBestPrice"/>
</testsuite> <!-- Default test -->
